p/positiva120.png 1 0 0 50 50
p/positiva119.png 1 0 0 50 50
p/positiva118.png 1 0 0 50 50
p/positiva117.png 1 0 0 50 50
p/positiva116.png 1 0 0 50 50
p/positiva115.png 1 0 0 50 50
p/positiva114.png 1 0 0 50 50
p/positiva113.png 1 0 0 50 50
p/positiva112.png 1 0 0 50 50
p/positiva111.png 1 0 0 50 50
p/positiva110.png 1 0 0 50 50
p/positiva109.png 1 0 0 50 50
p/positiva108.png 1 0 0 50 50
p/positiva107.png 1 0 0 50 50
p/positiva106.png 1 0 0 50 50
p/positiva105.png 1 0 0 50 50
p/positiva104.png 1 0 0 50 50
p/positiva103.png 1 0 0 50 50
p/positiva102.png 1 0 0 50 50
p/positiva101.png 1 0 0 50 50
p/positiva100.png 1 0 0 50 50
p/positiva99.png 1 0 0 50 50
p/positiva98.png 1 0 0 50 50
p/positiva97.png 1 0 0 50 50
p/positiva96.png 1 0 0 50 50
p/positiva95.png 1 0 0 50 50
p/positiva94.png 1 0 0 50 50
p/positiva93.png 1 0 0 50 50
p/positiva92.png 1 0 0 50 50
p/positiva91.png 1 0 0 50 50
p/positiva90.png 1 0 0 50 50
p/positiva89.png 1 0 0 50 50
p/positiva88.png 1 0 0 50 50
p/positiva87.png 1 0 0 50 50
p/positiva86.png 1 0 0 50 50
p/positiva85.png 1 0 0 50 50
p/positiva84.png 1 0 0 50 50
p/positiva83.png 1 0 0 50 50
p/positiva82.png 1 0 0 50 50
p/positiva81.png 1 0 0 50 50
p/positiva80.png 1 0 0 50 50
p/positiva79.png 1 0 0 50 50
p/positiva78.png 1 0 0 50 50
p/positiva77.png 1 0 0 50 50
p/positiva76.png 1 0 0 50 50
p/positiva75.png 1 0 0 50 50
p/positiva74.png 1 0 0 50 50
p/positiva73.png 1 0 0 50 50
p/positiva72.png 1 0 0 50 50
p/positiva71.png 1 0 0 50 50
p/positiva70.png 1 0 0 50 50
p/positiva69.png 1 0 0 50 50
p/positiva68.png 1 0 0 50 50
p/positiva67.png 1 0 0 50 50
p/positiva66.png 1 0 0 50 50
p/positiva65.png 1 0 0 50 50
p/positiva64.png 1 0 0 50 50
p/positiva63.png 1 0 0 50 50
p/positiva62.png 1 0 0 50 50
p/positiva61.png 1 0 0 50 50
p/positiva60.png 1 0 0 50 50
p/positiva59.png 1 0 0 50 50
p/positiva58.png 1 0 0 50 50
p/positiva57.png 1 0 0 50 50
p/positiva56.png 1 0 0 50 50
p/positiva55.png 1 0 0 50 50
p/positiva54.png 1 0 0 50 50
p/positiva53.png 1 0 0 50 50
p/positiva52.png 1 0 0 50 50
p/positiva51.png 1 0 0 50 50
p/positiva50.png 1 0 0 50 50
p/positiva49.png 1 0 0 50 50
p/positiva48.png 1 0 0 50 50
p/positiva47.png 1 0 0 50 50
p/positiva46.png 1 0 0 50 50
p/positiva45.png 1 0 0 50 50
p/positiva44.png 1 0 0 50 50
p/positiva43.png 1 0 0 50 50
p/positiva42.png 1 0 0 50 50
p/positiva41.png 1 0 0 50 50
p/positiva40.png 1 0 0 50 50
p/positiva39.png 1 0 0 50 50
p/positiva38.png 1 0 0 50 50
p/positiva37.png 1 0 0 50 50
p/positiva36.png 1 0 0 50 50
p/positiva35.png 1 0 0 50 50
p/positiva34.png 1 0 0 50 50
p/positiva33.png 1 0 0 50 50
p/positiva32.png 1 0 0 50 50
p/positiva31.png 1 0 0 50 50
p/positiva30.png 1 0 0 50 50
p/positiva29.png 1 0 0 50 50
p/positiva28.png 1 0 0 50 50
p/positiva27.png 1 0 0 50 50
p/positiva26.png 1 0 0 50 50
p/positiva25.png 1 0 0 50 50
p/positiva24.png 1 0 0 50 50
p/positiva23.png 1 0 0 50 50
p/positiva22.png 1 0 0 50 50
p/positiva21.png 1 0 0 50 50
p/positiva20.png 1 0 0 50 50
p/positiva19.png 1 0 0 50 50
p/positiva18.png 1 0 0 50 50
p/positiva17.png 1 0 0 50 50
p/positiva16.png 1 0 0 50 50
p/positiva15.png 1 0 0 50 50
p/positiva14.png 1 0 0 50 50
p/positiva13.png 1 0 0 50 50
p/positiva12.png 1 0 0 50 50
p/positiva11.png 1 0 0 50 50
p/positiva10.png 1 0 0 50 50
p/positiva9.png 1 0 0 50 50
p/positiva8.png 1 0 0 50 50
p/positiva7.png 1 0 0 50 50
p/positiva6.png 1 0 0 50 50
p/positiva5.png 1 0 0 50 50
p/positiva4.png 1 0 0 50 50
p/positiva3.png 1 0 0 50 50
p/positiva2.png 1 0 0 50 50
p/positiva1.png 1 0 0 50 50